{"/home/melih/Projects/rest-api/app/utils/menufield.common.js":{"path":"/home/melih/Projects/rest-api/app/utils/menufield.common.js","s":{"1":1,"2":1,"3":12,"4":0,"5":1,"6":38,"7":38,"8":38,"9":38,"10":1,"11":37,"12":4,"13":1,"14":3,"15":12,"16":12,"17":3,"18":1},"b":{"1":[1,0],"2":[1,1],"3":[0,0],"4":[0,0,0,0],"5":[1,37],"6":[1,3],"7":[4,3],"8":[4,8],"9":[3,5]},"f":{"1":12,"2":0,"3":38,"4":38,"5":38,"6":4,"7":12},"fnMap":{"1":{"name":"(anonymous_1)","line":0,"loc":{"start":{"line":0,"column":0},"end":{"line":0,"column":0}},"skip":true},"2":{"name":"(anonymous_2)","line":0,"loc":{"start":{"line":0,"column":0},"end":{"line":0,"column":0}},"skip":true},"3":{"name":"replace","line":2,"loc":{"start":{"line":2,"column":13},"end":{"line":2,"column":22}}},"4":{"name":"(anonymous_4)","line":3,"loc":{"start":{"line":3,"column":15},"end":{"line":3,"column":27}}},"5":{"name":"(anonymous_5)","line":4,"loc":{"start":{"line":4,"column":19},"end":{"line":4,"column":35}}},"6":{"name":"setProductPropsForRender","line":14,"loc":{"start":{"line":14,"column":30},"end":{"line":14,"column":46}}},"7":{"name":"(anonymous_7)","line":17,"loc":{"start":{"line":17,"column":64},"end":{"line":17,"column":83}}}},"statementMap":{"1":{"start":{"line":0,"column":0},"end":{"line":0,"column":0},"skip":true},"2":{"start":{"line":0,"column":0},"end":{"line":0,"column":0},"skip":true},"3":{"start":{"line":0,"column":0},"end":{"line":0,"column":0},"skip":true},"4":{"start":{"line":0,"column":0},"end":{"line":0,"column":0},"skip":true},"5":{"start":{"line":1,"column":0},"end":{"line":null,"column":null}},"6":{"start":{"line":3,"column":15},"end":{"line":null,"column":null}},"7":{"start":{"line":4,"column":19},"end":{"line":null,"column":null}},"8":{"start":{"line":5,"column":22},"end":{"line":null,"column":null}},"9":{"start":{"line":6,"column":20},"end":{"line":null,"column":null}},"10":{"start":{"line":7,"column":20},"end":{"line":null,"column":null}},"11":{"start":{"line":8,"column":23},"end":{"line":null,"column":null}},"12":{"start":{"line":15,"column":12},"end":{"line":null,"column":null}},"13":{"start":{"line":15,"column":48},"end":{"line":null,"column":null}},"14":{"start":{"line":17,"column":14},"end":{"line":null,"column":null}},"15":{"start":{"line":18,"column":17},"end":{"line":null,"column":null}},"16":{"start":{"line":23,"column":19},"end":{"line":null,"column":null}},"17":{"start":{"line":26,"column":15},"end":{"line":null,"column":null}},"18":{"start":{"line":30,"column":15},"end":{"line":null,"column":null}}},"branchMap":{"1":{"line":0,"type":"cond-expr","locations":[{"start":{"line":0,"column":0},"end":{"line":0,"column":0},"skip":true},{"start":{"line":0,"column":0},"end":{"line":0,"column":0},"skip":true}]},"2":{"line":0,"type":"binary-expr","locations":[{"start":{"line":0,"column":0},"end":{"line":0,"column":0},"skip":true},{"start":{"line":0,"column":0},"end":{"line":0,"column":0},"skip":true}]},"3":{"line":0,"type":"cond-expr","locations":[{"start":{"line":0,"column":0},"end":{"line":0,"column":0},"skip":true},{"start":{"line":0,"column":0},"end":{"line":0,"column":0},"skip":true}]},"4":{"line":0,"type":"binary-expr","locations":[{"start":{"line":0,"column":0},"end":{"line":0,"column":0},"skip":true},{"start":{"line":0,"column":0},"end":{"line":0,"column":0},"skip":true},{"start":{"line":0,"column":0},"end":{"line":0,"column":0},"skip":true},{"start":{"line":0,"column":0},"end":{"line":0,"column":0},"skip":true}]},"5":{"line":6,"type":"if","locations":[{"start":{"line":6,"column":20},"end":{"line":6,"column":20}},{"start":{"line":6,"column":20},"end":{"line":6,"column":20}}]},"6":{"line":15,"type":"if","locations":[{"start":{"line":15,"column":12},"end":{"line":15,"column":12}},{"start":{"line":15,"column":12},"end":{"line":15,"column":12}}]},"7":{"line":15,"type":"binary-expr","locations":[{"start":{"line":15,"column":12},"end":{"line":15,"column":12}},{"start":{"line":15,"column":27},"end":{"line":15,"column":8}}]},"8":{"line":19,"type":"cond-expr","locations":[{"start":{"line":19,"column":18},"end":{"line":18,"column":28}},{"start":{"line":20,"column":18},"end":{"line":18,"column":12}}]},"9":{"line":21,"type":"cond-expr","locations":[{"start":{"line":21,"column":22},"end":{"line":20,"column":18}},{"start":{"line":22,"column":22},"end":{"line":18,"column":12}}]}}},"/home/melih/Projects/rest-api/app/utils/url.utils.js":{"path":"/home/melih/Projects/rest-api/app/utils/url.utils.js","s":{"1":1,"2":1,"3":1,"4":1,"5":1,"6":1,"7":2,"8":1,"9":24,"10":24,"11":21,"12":14,"13":4,"14":6,"15":6,"16":4,"17":4,"18":4,"19":1},"b":{"1":[1,1],"2":[2,2],"3":[18,6],"4":[18,6],"5":[4,2],"6":[6,1],"7":[3,1],"8":[2,1]},"f":{"1":2,"2":24,"3":24,"4":21,"5":14,"6":4,"7":6,"8":6,"9":4},"fnMap":{"1":{"name":"_interopRequireDefault","line":0,"loc":{"start":{"line":0,"column":0},"end":{"line":0,"column":0}},"skip":true},"2":{"name":"withoutHTTP","line":6,"loc":{"start":{"line":6,"column":17},"end":{"line":6,"column":26}}},"3":{"name":"withoutHTTPS","line":12,"loc":{"start":{"line":12,"column":18},"end":{"line":12,"column":27}}},"4":{"name":"withoutHTTP_HTTPS","line":18,"loc":{"start":{"line":18,"column":23},"end":{"line":18,"column":32}}},"5":{"name":"hostOfUrl","line":22,"loc":{"start":{"line":22,"column":15},"end":{"line":22,"column":24}}},"6":{"name":"subNameOfUrl","line":26,"loc":{"start":{"line":26,"column":18},"end":{"line":26,"column":27}}},"7":{"name":"subDomain","line":30,"loc":{"start":{"line":30,"column":16},"end":{"line":30,"column":25}}},"8":{"name":"domain","line":33,"loc":{"start":{"line":33,"column":13},"end":{"line":33,"column":22}}},"9":{"name":"restaurantNameKey","line":37,"loc":{"start":{"line":37,"column":23},"end":{"line":37,"column":32}}}},"statementMap":{"1":{"start":{"line":0,"column":0},"end":{"line":0,"column":0},"skip":true},"2":{"start":{"line":1,"column":0},"end":{"line":null,"column":null}},"3":{"start":{"line":0,"column":0},"end":{"line":0,"column":0},"skip":true},"4":{"start":{"line":3,"column":0},"end":{"line":null,"column":null}},"5":{"start":{"line":0,"column":0},"end":{"line":0,"column":0},"skip":true},"6":{"start":{"line":0,"column":0},"end":{"line":0,"column":0},"skip":true},"7":{"start":{"line":0,"column":0},"end":{"line":0,"column":0},"skip":true},"8":{"start":{"line":5,"column":0},"end":{"line":null,"column":null}},"9":{"start":{"line":7,"column":15},"end":{"line":null,"column":null}},"10":{"start":{"line":13,"column":15},"end":{"line":null,"column":null}},"11":{"start":{"line":19,"column":15},"end":{"line":null,"column":null}},"12":{"start":{"line":23,"column":15},"end":{"line":null,"column":null}},"13":{"start":{"line":27,"column":15},"end":{"line":null,"column":null}},"14":{"start":{"line":31,"column":15},"end":{"line":null,"column":null}},"15":{"start":{"line":34,"column":15},"end":{"line":null,"column":null}},"16":{"start":{"line":38,"column":14},"end":{"line":null,"column":null}},"17":{"start":{"line":39,"column":14},"end":{"line":null,"column":null}},"18":{"start":{"line":41,"column":16},"end":{"line":null,"column":null}},"19":{"start":{"line":48,"column":15},"end":{"line":null,"column":null}}},"branchMap":{"1":{"line":0,"type":"cond-expr","locations":[{"start":{"line":0,"column":0},"end":{"line":0,"column":0},"skip":true},{"start":{"line":0,"column":0},"end":{"line":0,"column":0},"skip":true}]},"2":{"line":0,"type":"binary-expr","locations":[{"start":{"line":0,"column":0},"end":{"line":0,"column":0},"skip":true},{"start":{"line":0,"column":0},"end":{"line":0,"column":0},"skip":true}]},"3":{"line":8,"type":"cond-expr","locations":[{"start":{"line":8,"column":14},"end":{"line":7,"column":15}},{"start":{"line":9,"column":14},"end":{"line":7,"column":8}}]},"4":{"line":14,"type":"cond-expr","locations":[{"start":{"line":14,"column":14},"end":{"line":13,"column":15}},{"start":{"line":15,"column":14},"end":{"line":13,"column":8}}]},"5":{"line":27,"type":"binary-expr","locations":[{"start":{"line":27,"column":15},"end":{"line":27,"column":64}},{"start":{"line":27,"column":64},"end":{"line":27,"column":8}}]},"6":{"line":34,"type":"binary-expr","locations":[{"start":{"line":34,"column":15},"end":{"line":34,"column":56}},{"start":{"line":34,"column":56},"end":{"line":34,"column":8}}]},"7":{"line":42,"type":"cond-expr","locations":[{"start":{"line":42,"column":15},"end":{"line":41,"column":15}},{"start":{"line":43,"column":14},"end":{"line":41,"column":8}}]},"8":{"line":42,"type":"cond-expr","locations":[{"start":{"line":42,"column":38},"end":{"line":42,"column":15}},{"start":{"line":42,"column":67},"end":{"line":41,"column":15}}]}}}}