TN:
SF:/home/melih/Projects/rest-api/app/utils/menufield.common.js
FN:2,replace
FN:3,(anonymous_4)
FN:4,(anonymous_5)
FN:14,setProductPropsForRender
FN:17,(anonymous_7)
FNF:5
FNH:5
FNDA:38,replace
FNDA:38,(anonymous_4)
FNDA:38,(anonymous_5)
FNDA:4,setProductPropsForRender
FNDA:12,(anonymous_7)
DA:1,1
DA:3,38
DA:4,38
DA:5,38
DA:6,38
DA:7,1
DA:8,37
DA:15,4
DA:17,3
DA:18,12
DA:23,12
DA:26,3
DA:30,1
LF:13
LH:13
BRDA:6,5,0,1
BRDA:6,5,1,37
BRDA:15,6,0,1
BRDA:15,6,1,3
BRDA:15,7,0,4
BRDA:15,7,1,3
BRDA:19,8,0,4
BRDA:19,8,1,8
BRDA:21,9,0,3
BRDA:21,9,1,5
BRF:10
BRH:10
end_of_record
TN:
SF:/home/melih/Projects/rest-api/app/utils/url.utils.js
FN:6,withoutHTTP
FN:12,withoutHTTPS
FN:18,withoutHTTP_HTTPS
FN:22,hostOfUrl
FN:26,subNameOfUrl
FN:30,subDomain
FN:33,domain
FN:37,restaurantNameKey
FNF:8
FNH:8
FNDA:24,withoutHTTP
FNDA:24,withoutHTTPS
FNDA:21,withoutHTTP_HTTPS
FNDA:14,hostOfUrl
FNDA:4,subNameOfUrl
FNDA:6,subDomain
FNDA:6,domain
FNDA:4,restaurantNameKey
DA:1,1
DA:3,1
DA:5,1
DA:7,24
DA:13,24
DA:19,21
DA:23,14
DA:27,4
DA:31,6
DA:34,6
DA:38,4
DA:39,4
DA:41,4
DA:48,1
LF:14
LH:14
BRDA:8,3,0,18
BRDA:8,3,1,6
BRDA:14,4,0,18
BRDA:14,4,1,6
BRDA:27,5,0,4
BRDA:27,5,1,2
BRDA:34,6,0,6
BRDA:34,6,1,1
BRDA:42,7,0,3
BRDA:42,7,1,1
BRDA:42,8,0,2
BRDA:42,8,1,1
BRF:12
BRH:12
end_of_record
